[2013-02-10 21:18:14] request.INFO: Matched route "fos_user_profile_show" (parameters: "_controller": "Symfony\Bundle\FrameworkBundle\Controller\RedirectController::urlRedirectAction", "path": "/profile/", "permanent": "true", "scheme": "null", "httpPort": "80", "httpsPort": "443", "_route": "fos_user_profile_show") [] []
[2013-02-10 21:18:14] request.CRITICAL: Doctrine\Common\Persistence\Mapping\MappingException: The class 'Cabbuccino\Bundle\UserBundle\Entity\User' was not found in the chain configured namespaces FOS\UserBundle\Entity, Cabbuccino\bundle\UserBundle\Entity (uncaught exception) at /Applications/MAMP/htdocs/Symfony/vendor/doctrine/common/lib/Doctrine/Common/Persistence/Mapping/MappingException.php line 38 [] []
[2013-02-10 21:18:14] request.CRITICAL: Exception thrown when handling an exception (Doctrine\Common\Persistence\Mapping\MappingException: The class 'Cabbuccino\Bundle\UserBundle\Entity\User' was not found in the chain configured namespaces FOS\UserBundle\Entity, Cabbuccino\bundle\UserBundle\Entity) [] []
[2013-02-16 14:03:53] request.ERROR: Symfony\Component\HttpKernel\Exception\NotFoundHttpException: No route found for "GET /" (uncaught exception) at /Applications/MAMP/htdocs/Symfony/vendor/symfony/symfony/src/Symfony/Component/HttpKernel/EventListener/RouterListener.php line 92 [] []
[2013-02-16 14:03:53] request.ERROR: Exception thrown when handling an exception (ReflectionException: Class Cabbuccino\Bundle\UserBundle\Entity\User does not exist) [] []
[2013-02-16 14:04:28] request.ERROR: Symfony\Component\HttpKernel\Exception\NotFoundHttpException: No route found for "GET /" (uncaught exception) at /Applications/MAMP/htdocs/Symfony/app/cache/prod/classes.php line 5121 [] []
[2013-02-16 14:04:28] request.ERROR: Exception thrown when handling an exception (ReflectionException: Class Cabbuccino\Bundle\UserBundle\Entity\User does not exist) [] []
[2013-02-16 14:20:44] request.ERROR: Symfony\Component\HttpKernel\Exception\NotFoundHttpException: No route found for "GET /" (uncaught exception) at /Applications/MAMP/htdocs/Symfony/app/cache/prod/classes.php line 5121 [] []
[2013-02-16 14:20:44] request.ERROR: Exception thrown when handling an exception (ReflectionException: Class Cabbuccino\Bundle\UserBundle\Entity\User does not exist) [] []
[2013-02-16 14:21:16] request.ERROR: Symfony\Component\HttpKernel\Exception\NotFoundHttpException: No route found for "GET /" (uncaught exception) at /Applications/MAMP/htdocs/Symfony/app/cache/prod/classes.php line 5121 [] []
[2013-02-16 14:21:17] request.ERROR: Exception thrown when handling an exception (ReflectionException: Class Cabbuccino\Bundle\UserBundle\Entity\User does not exist) [] []
[2013-02-16 14:25:17] request.ERROR: Symfony\Component\HttpKernel\Exception\NotFoundHttpException: No route found for "GET /" (uncaught exception) at /Applications/MAMP/htdocs/Symfony/app/cache/prod/classes.php line 5121 [] []
[2013-02-16 14:25:17] request.ERROR: Exception thrown when handling an exception (ReflectionException: Class Cabbuccino\Bundle\UserBundle\Entity\User does not exist) [] []
[2013-02-16 14:32:12] request.ERROR: Symfony\Component\HttpKernel\Exception\NotFoundHttpException: No route found for "GET /" (uncaught exception) at /Applications/MAMP/htdocs/Symfony/app/cache/prod/classes.php line 5121 [] []
[2013-02-16 14:32:12] request.ERROR: Exception thrown when handling an exception (ReflectionException: Class Cabbuccino\Bundle\UserBundle\Entity\User does not exist) [] []
[2013-02-16 14:33:49] request.ERROR: Symfony\Component\HttpKernel\Exception\NotFoundHttpException: No route found for "GET /" (uncaught exception) at /Applications/MAMP/htdocs/Symfony/app/cache/prod/classes.php line 5121 [] []
[2013-02-16 14:33:49] request.ERROR: Exception thrown when handling an exception (ReflectionException: Class Cabbuccino\Bundle\UserBundle\Entity\User does not exist) [] []
[2013-02-16 14:34:28] request.ERROR: Symfony\Component\HttpKernel\Exception\NotFoundHttpException: No route found for "GET /" (uncaught exception) at /Applications/MAMP/htdocs/Symfony/vendor/symfony/symfony/src/Symfony/Component/HttpKernel/EventListener/RouterListener.php line 92 [] []
[2013-02-16 14:35:29] request.ERROR: Symfony\Component\HttpKernel\Exception\NotFoundHttpException: No route found for "GET /" (uncaught exception) at /Applications/MAMP/htdocs/Symfony/vendor/symfony/symfony/src/Symfony/Component/HttpKernel/EventListener/RouterListener.php line 92 [] []
[2013-02-16 14:37:18] request.ERROR: Symfony\Component\HttpKernel\Exception\NotFoundHttpException: No route found for "GET /" (uncaught exception) at /Applications/MAMP/htdocs/Symfony/app/cache/prod/classes.php line 5121 [] []
[2013-02-16 14:42:51] request.ERROR: Symfony\Component\HttpKernel\Exception\NotFoundHttpException: No route found for "GET /" (uncaught exception) at /Applications/MAMP/htdocs/Symfony/app/cache/prod/classes.php line 5121 [] []
[2013-02-16 14:43:00] request.ERROR: Symfony\Component\HttpKernel\Exception\NotFoundHttpException: No route found for "GET /" (uncaught exception) at /Applications/MAMP/htdocs/Symfony/app/cache/prod/classes.php line 5121 [] []
[2013-02-16 15:34:16] request.ERROR: Symfony\Component\HttpKernel\Exception\NotFoundHttpException: No route found for "GET /" (uncaught exception) at /Applications/MAMP/htdocs/Symfony/app/cache/prod/classes.php line 5121 [] []
[2013-02-16 15:34:29] request.ERROR: Symfony\Component\HttpKernel\Exception\NotFoundHttpException: No route found for "GET /" (uncaught exception) at /Applications/MAMP/htdocs/Symfony/app/cache/prod/classes.php line 5121 [] []
[2013-02-16 15:40:44] request.ERROR: Symfony\Component\HttpKernel\Exception\NotFoundHttpException: No route found for "GET /" (uncaught exception) at /Applications/MAMP/htdocs/Symfony/app/cache/prod/classes.php line 5121 [] []
[2013-02-16 15:49:32] request.ERROR: Symfony\Component\HttpKernel\Exception\NotFoundHttpException: No route found for "GET /" (uncaught exception) at /Applications/MAMP/htdocs/Symfony/app/cache/prod/classes.php line 5121 [] []
[2013-02-16 15:52:02] request.INFO: Matched route "fos_user_registration_register" (parameters: "_controller": "FOS\UserBundle\Controller\RegistrationController::registerAction", "_route": "fos_user_registration_register") [] []
[2013-02-16 15:52:02] security.INFO: Populated SecurityContext with an anonymous Token [] []
[2013-02-16 15:52:02] request.CRITICAL: PDOException: could not find driver (uncaught exception) at /Applications/MAMP/htdocs/Symfony/vendor/doctrine/dbal/lib/Doctrine/DBAL/Driver/PDOConnection.php line 36 [] []
[2013-02-16 15:52:02] security.DEBUG: Write SecurityContext in the session [] []
[2013-02-16 15:59:03] request.INFO: Matched route "fos_user_registration_register" (parameters: "_controller": "FOS\UserBundle\Controller\RegistrationController::registerAction", "_route": "fos_user_registration_register") [] []
[2013-02-16 15:59:03] security.INFO: Populated SecurityContext with an anonymous Token [] []
[2013-02-16 15:59:03] request.CRITICAL: PDOException: could not find driver (uncaught exception) at /Applications/MAMP/htdocs/Symfony/vendor/doctrine/dbal/lib/Doctrine/DBAL/Driver/PDOConnection.php line 36 [] []
[2013-02-16 15:59:03] security.DEBUG: Write SecurityContext in the session [] []
[2013-02-16 15:59:15] request.ERROR: Symfony\Component\HttpKernel\Exception\NotFoundHttpException: No route found for "GET /" (uncaught exception) at /Applications/MAMP/htdocs/Symfony/app/cache/prod/classes.php line 5121 [] []
[2013-02-16 16:01:26] request.ERROR: Symfony\Component\HttpKernel\Exception\NotFoundHttpException: No route found for "GET /" (uncaught exception) at /Applications/MAMP/htdocs/Symfony/app/cache/prod/classes.php line 5121 [] []
[2013-02-16 16:01:31] request.ERROR: Symfony\Component\HttpKernel\Exception\NotFoundHttpException: No route found for "GET /" (uncaught exception) at /Applications/MAMP/htdocs/Symfony/app/cache/prod/classes.php line 5121 [] []
[2013-02-16 16:07:55] request.ERROR: Symfony\Component\HttpKernel\Exception\NotFoundHttpException: No route found for "GET /" (uncaught exception) at /Applications/MAMP/htdocs/Symfony/app/cache/prod/classes.php line 5121 [] []
<<<<<<< HEAD
[2013-02-22 00:42:12] request.ERROR: Symfony\Component\HttpKernel\Exception\NotFoundHttpException: No route found for "GET /" (uncaught exception) at /Applications/MAMP/htdocs/Symfony/app/cache/prod/classes.php line 5121 [] []
=======
[2013-02-17 15:40:55] request.INFO: Matched route "fos_user_registration_register" (parameters: "_controller": "Symfony\Bundle\FrameworkBundle\Controller\RedirectController::urlRedirectAction", "path": "/register/", "permanent": "true", "scheme": "null", "httpPort": "80", "httpsPort": "443", "_route": "fos_user_registration_register") [] []
[2013-02-17 15:40:58] request.CRITICAL: InvalidArgumentException: The directory "/Applications/MAMP/htdocs/Symfony/app/cache/prod/jms_diextra/metadata" does not exist. (uncaught exception) at /Applications/MAMP/htdocs/Symfony/vendor/jms/metadata/src/Metadata/Cache/FileCache.php line 14 [] []
[2013-02-17 15:40:58] request.CRITICAL: Exception thrown when handling an exception (InvalidArgumentException: The directory "/Applications/MAMP/htdocs/Symfony/app/cache/prod/jms_diextra/metadata" does not exist.) [] []
[2013-02-17 15:41:05] request.INFO: Matched route "fos_user_registration_register" (parameters: "_controller": "FOS\UserBundle\Controller\RegistrationController::registerAction", "_route": "fos_user_registration_register") [] []
[2013-02-17 15:41:05] request.CRITICAL: InvalidArgumentException: The directory "/Applications/MAMP/htdocs/Symfony/app/cache/prod/jms_diextra/metadata" does not exist. (uncaught exception) at /Applications/MAMP/htdocs/Symfony/vendor/jms/metadata/src/Metadata/Cache/FileCache.php line 14 [] []
[2013-02-17 15:41:05] request.CRITICAL: Exception thrown when handling an exception (InvalidArgumentException: The directory "/Applications/MAMP/htdocs/Symfony/app/cache/prod/jms_diextra/metadata" does not exist.) [] []
[2013-02-17 15:41:07] request.INFO: Matched route "fos_user_registration_register" (parameters: "_controller": "FOS\UserBundle\Controller\RegistrationController::registerAction", "_route": "fos_user_registration_register") [] []
[2013-02-17 15:41:07] request.CRITICAL: InvalidArgumentException: The directory "/Applications/MAMP/htdocs/Symfony/app/cache/prod/jms_diextra/metadata" does not exist. (uncaught exception) at /Applications/MAMP/htdocs/Symfony/vendor/jms/metadata/src/Metadata/Cache/FileCache.php line 14 [] []
[2013-02-17 15:41:07] request.CRITICAL: Exception thrown when handling an exception (InvalidArgumentException: The directory "/Applications/MAMP/htdocs/Symfony/app/cache/prod/jms_diextra/metadata" does not exist.) [] []
[2013-02-17 15:41:08] request.INFO: Matched route "fos_user_registration_register" (parameters: "_controller": "FOS\UserBundle\Controller\RegistrationController::registerAction", "_route": "fos_user_registration_register") [] []
[2013-02-17 15:41:08] request.CRITICAL: InvalidArgumentException: The directory "/Applications/MAMP/htdocs/Symfony/app/cache/prod/jms_diextra/metadata" does not exist. (uncaught exception) at /Applications/MAMP/htdocs/Symfony/vendor/jms/metadata/src/Metadata/Cache/FileCache.php line 14 [] []
[2013-02-17 15:41:08] request.CRITICAL: Exception thrown when handling an exception (InvalidArgumentException: The directory "/Applications/MAMP/htdocs/Symfony/app/cache/prod/jms_diextra/metadata" does not exist.) [] []
[2013-02-17 15:45:16] request.INFO: Matched route "fos_user_registration_register" (parameters: "_controller": "FOS\UserBundle\Controller\RegistrationController::registerAction", "_route": "fos_user_registration_register") [] []
[2013-02-17 15:45:16] request.CRITICAL: InvalidArgumentException: The directory "/Applications/MAMP/htdocs/Symfony/app/cache/prod/jms_diextra/metadata" does not exist. (uncaught exception) at /Applications/MAMP/htdocs/Symfony/vendor/jms/metadata/src/Metadata/Cache/FileCache.php line 14 [] []
[2013-02-17 15:45:16] request.CRITICAL: Exception thrown when handling an exception (InvalidArgumentException: The directory "/Applications/MAMP/htdocs/Symfony/app/cache/prod/jms_diextra/metadata" does not exist.) [] []
[2013-02-17 15:45:39] request.INFO: Matched route "fos_user_registration_register" (parameters: "_controller": "FOS\UserBundle\Controller\RegistrationController::registerAction", "_route": "fos_user_registration_register") [] []
[2013-02-17 15:45:39] request.CRITICAL: InvalidArgumentException: The directory "/Applications/MAMP/htdocs/Symfony/app/cache/prod/jms_diextra/metadata" does not exist. (uncaught exception) at /Applications/MAMP/htdocs/Symfony/vendor/jms/metadata/src/Metadata/Cache/FileCache.php line 14 [] []
[2013-02-17 15:45:39] request.CRITICAL: Exception thrown when handling an exception (InvalidArgumentException: The directory "/Applications/MAMP/htdocs/Symfony/app/cache/prod/jms_diextra/metadata" does not exist.) [] []
[2013-02-17 15:47:35] request.INFO: Matched route "fos_user_registration_register" (parameters: "_controller": "FOS\UserBundle\Controller\RegistrationController::registerAction", "_route": "fos_user_registration_register") [] []
[2013-02-17 15:47:35] request.CRITICAL: InvalidArgumentException: The directory "/Applications/MAMP/htdocs/Symfony/app/cache/prod/jms_diextra/metadata" does not exist. (uncaught exception) at /Applications/MAMP/htdocs/Symfony/vendor/jms/metadata/src/Metadata/Cache/FileCache.php line 14 [] []
[2013-02-17 15:47:35] request.CRITICAL: Exception thrown when handling an exception (InvalidArgumentException: The directory "/Applications/MAMP/htdocs/Symfony/app/cache/prod/jms_diextra/metadata" does not exist.) [] []
[2013-02-17 15:47:36] request.INFO: Matched route "fos_user_registration_register" (parameters: "_controller": "FOS\UserBundle\Controller\RegistrationController::registerAction", "_route": "fos_user_registration_register") [] []
[2013-02-17 15:47:36] request.CRITICAL: InvalidArgumentException: The directory "/Applications/MAMP/htdocs/Symfony/app/cache/prod/jms_diextra/metadata" does not exist. (uncaught exception) at /Applications/MAMP/htdocs/Symfony/vendor/jms/metadata/src/Metadata/Cache/FileCache.php line 14 [] []
[2013-02-17 15:47:36] request.CRITICAL: Exception thrown when handling an exception (InvalidArgumentException: The directory "/Applications/MAMP/htdocs/Symfony/app/cache/prod/jms_diextra/metadata" does not exist.) [] []
[2013-02-17 15:47:37] request.INFO: Matched route "fos_user_registration_register" (parameters: "_controller": "FOS\UserBundle\Controller\RegistrationController::registerAction", "_route": "fos_user_registration_register") [] []
[2013-02-17 15:47:37] request.CRITICAL: InvalidArgumentException: The directory "/Applications/MAMP/htdocs/Symfony/app/cache/prod/jms_diextra/metadata" does not exist. (uncaught exception) at /Applications/MAMP/htdocs/Symfony/vendor/jms/metadata/src/Metadata/Cache/FileCache.php line 14 [] []
[2013-02-17 15:47:37] request.CRITICAL: Exception thrown when handling an exception (InvalidArgumentException: The directory "/Applications/MAMP/htdocs/Symfony/app/cache/prod/jms_diextra/metadata" does not exist.) [] []
[2013-02-17 15:47:39] request.INFO: Matched route "fos_user_registration_register" (parameters: "_controller": "Symfony\Bundle\FrameworkBundle\Controller\RedirectController::urlRedirectAction", "path": "/register/", "permanent": "true", "scheme": "null", "httpPort": "80", "httpsPort": "443", "_route": "fos_user_registration_register") [] []
[2013-02-17 15:47:39] request.CRITICAL: InvalidArgumentException: The directory "/Applications/MAMP/htdocs/Symfony/app/cache/prod/jms_diextra/metadata" does not exist. (uncaught exception) at /Applications/MAMP/htdocs/Symfony/vendor/jms/metadata/src/Metadata/Cache/FileCache.php line 14 [] []
[2013-02-17 15:47:39] request.CRITICAL: Exception thrown when handling an exception (InvalidArgumentException: The directory "/Applications/MAMP/htdocs/Symfony/app/cache/prod/jms_diextra/metadata" does not exist.) [] []
[2013-02-17 15:47:59] request.INFO: Matched route "fos_user_registration_register" (parameters: "_controller": "Symfony\Bundle\FrameworkBundle\Controller\RedirectController::urlRedirectAction", "path": "/register/", "permanent": "true", "scheme": "null", "httpPort": "80", "httpsPort": "443", "_route": "fos_user_registration_register") [] []
[2013-02-17 15:47:59] request.CRITICAL: InvalidArgumentException: The directory "/Applications/MAMP/htdocs/Symfony/app/cache/prod/jms_diextra/metadata" does not exist. (uncaught exception) at /Applications/MAMP/htdocs/Symfony/vendor/jms/metadata/src/Metadata/Cache/FileCache.php line 14 [] []
[2013-02-17 15:47:59] request.CRITICAL: Exception thrown when handling an exception (InvalidArgumentException: The directory "/Applications/MAMP/htdocs/Symfony/app/cache/prod/jms_diextra/metadata" does not exist.) [] []
[2013-02-17 15:48:02] request.INFO: Matched route "fos_user_registration_register" (parameters: "_controller": "FOS\UserBundle\Controller\RegistrationController::registerAction", "_route": "fos_user_registration_register") [] []
[2013-02-17 15:48:02] request.CRITICAL: InvalidArgumentException: The directory "/Applications/MAMP/htdocs/Symfony/app/cache/prod/jms_diextra/metadata" does not exist. (uncaught exception) at /Applications/MAMP/htdocs/Symfony/vendor/jms/metadata/src/Metadata/Cache/FileCache.php line 14 [] []
[2013-02-17 15:48:02] request.CRITICAL: Exception thrown when handling an exception (InvalidArgumentException: The directory "/Applications/MAMP/htdocs/Symfony/app/cache/prod/jms_diextra/metadata" does not exist.) [] []
[2013-02-17 15:48:04] request.INFO: Matched route "fos_user_registration_register" (parameters: "_controller": "FOS\UserBundle\Controller\RegistrationController::registerAction", "_route": "fos_user_registration_register") [] []
[2013-02-17 15:48:04] request.CRITICAL: InvalidArgumentException: The directory "/Applications/MAMP/htdocs/Symfony/app/cache/prod/jms_diextra/metadata" does not exist. (uncaught exception) at /Applications/MAMP/htdocs/Symfony/vendor/jms/metadata/src/Metadata/Cache/FileCache.php line 14 [] []
[2013-02-17 15:48:04] request.CRITICAL: Exception thrown when handling an exception (InvalidArgumentException: The directory "/Applications/MAMP/htdocs/Symfony/app/cache/prod/jms_diextra/metadata" does not exist.) [] []
[2013-02-17 15:48:05] request.INFO: Matched route "fos_user_registration_register" (parameters: "_controller": "FOS\UserBundle\Controller\RegistrationController::registerAction", "_route": "fos_user_registration_register") [] []
[2013-02-17 15:48:05] request.CRITICAL: InvalidArgumentException: The directory "/Applications/MAMP/htdocs/Symfony/app/cache/prod/jms_diextra/metadata" does not exist. (uncaught exception) at /Applications/MAMP/htdocs/Symfony/vendor/jms/metadata/src/Metadata/Cache/FileCache.php line 14 [] []
[2013-02-17 15:48:05] request.CRITICAL: Exception thrown when handling an exception (InvalidArgumentException: The directory "/Applications/MAMP/htdocs/Symfony/app/cache/prod/jms_diextra/metadata" does not exist.) [] []
[2013-02-17 15:48:05] request.INFO: Matched route "fos_user_registration_register" (parameters: "_controller": "FOS\UserBundle\Controller\RegistrationController::registerAction", "_route": "fos_user_registration_register") [] []
[2013-02-17 15:48:05] request.CRITICAL: InvalidArgumentException: The directory "/Applications/MAMP/htdocs/Symfony/app/cache/prod/jms_diextra/metadata" does not exist. (uncaught exception) at /Applications/MAMP/htdocs/Symfony/vendor/jms/metadata/src/Metadata/Cache/FileCache.php line 14 [] []
[2013-02-17 15:48:05] request.CRITICAL: Exception thrown when handling an exception (InvalidArgumentException: The directory "/Applications/MAMP/htdocs/Symfony/app/cache/prod/jms_diextra/metadata" does not exist.) [] []
[2013-02-17 15:48:05] request.INFO: Matched route "fos_user_registration_register" (parameters: "_controller": "FOS\UserBundle\Controller\RegistrationController::registerAction", "_route": "fos_user_registration_register") [] []
[2013-02-17 15:48:05] request.CRITICAL: InvalidArgumentException: The directory "/Applications/MAMP/htdocs/Symfony/app/cache/prod/jms_diextra/metadata" does not exist. (uncaught exception) at /Applications/MAMP/htdocs/Symfony/vendor/jms/metadata/src/Metadata/Cache/FileCache.php line 14 [] []
[2013-02-17 15:48:05] request.CRITICAL: Exception thrown when handling an exception (InvalidArgumentException: The directory "/Applications/MAMP/htdocs/Symfony/app/cache/prod/jms_diextra/metadata" does not exist.) [] []
[2013-02-17 15:48:06] request.INFO: Matched route "fos_user_registration_register" (parameters: "_controller": "FOS\UserBundle\Controller\RegistrationController::registerAction", "_route": "fos_user_registration_register") [] []
[2013-02-17 15:48:06] request.CRITICAL: InvalidArgumentException: The directory "/Applications/MAMP/htdocs/Symfony/app/cache/prod/jms_diextra/metadata" does not exist. (uncaught exception) at /Applications/MAMP/htdocs/Symfony/vendor/jms/metadata/src/Metadata/Cache/FileCache.php line 14 [] []
[2013-02-17 15:48:06] request.CRITICAL: Exception thrown when handling an exception (InvalidArgumentException: The directory "/Applications/MAMP/htdocs/Symfony/app/cache/prod/jms_diextra/metadata" does not exist.) [] []
[2013-02-17 15:48:06] request.INFO: Matched route "fos_user_registration_register" (parameters: "_controller": "FOS\UserBundle\Controller\RegistrationController::registerAction", "_route": "fos_user_registration_register") [] []
[2013-02-17 15:48:06] request.CRITICAL: InvalidArgumentException: The directory "/Applications/MAMP/htdocs/Symfony/app/cache/prod/jms_diextra/metadata" does not exist. (uncaught exception) at /Applications/MAMP/htdocs/Symfony/vendor/jms/metadata/src/Metadata/Cache/FileCache.php line 14 [] []
[2013-02-17 15:48:06] request.CRITICAL: Exception thrown when handling an exception (InvalidArgumentException: The directory "/Applications/MAMP/htdocs/Symfony/app/cache/prod/jms_diextra/metadata" does not exist.) [] []
[2013-02-17 15:52:11] request.INFO: Matched route "fos_user_registration_register" (parameters: "_controller": "FOS\UserBundle\Controller\RegistrationController::registerAction", "_route": "fos_user_registration_register") [] []
[2013-02-17 15:52:11] request.CRITICAL: InvalidArgumentException: The directory "/Applications/MAMP/htdocs/Symfony/app/cache/prod/jms_diextra/metadata" does not exist. (uncaught exception) at /Applications/MAMP/htdocs/Symfony/vendor/jms/metadata/src/Metadata/Cache/FileCache.php line 14 [] []
[2013-02-17 15:52:11] request.CRITICAL: Exception thrown when handling an exception (InvalidArgumentException: The directory "/Applications/MAMP/htdocs/Symfony/app/cache/prod/jms_diextra/metadata" does not exist.) [] []
[2013-02-17 15:52:21] request.ERROR: Symfony\Component\HttpKernel\Exception\NotFoundHttpException: No route found for "GET /login/" (uncaught exception) at /Applications/MAMP/htdocs/Symfony/app/cache/prod/classes.php line 5121 [] []
[2013-02-17 15:52:21] request.ERROR: Exception thrown when handling an exception (InvalidArgumentException: The directory "/Applications/MAMP/htdocs/Symfony/app/cache/prod/jms_diextra/metadata" does not exist.) [] []
[2013-02-17 17:37:55] request.ERROR: Symfony\Component\HttpKernel\Exception\NotFoundHttpException: No route found for "GET /i/['screen_name']_o" (uncaught exception) at /Applications/MAMP/htdocs/Symfony/app/cache/prod/classes.php line 5121 [] []
[2013-02-17 17:37:56] request.ERROR: Exception thrown when handling an exception (InvalidArgumentException: The directory "/Applications/MAMP/htdocs/Symfony/app/cache/prod/jms_diextra/metadata" does not exist.) [] []
[2013-02-17 18:12:48] request.ERROR: Symfony\Component\HttpKernel\Exception\NotFoundHttpException: No route found for "GET /i/TheRehn_o" (uncaught exception) at /Applications/MAMP/htdocs/Symfony/app/cache/prod/classes.php line 5121 [] []
[2013-02-17 18:12:48] request.ERROR: Exception thrown when handling an exception (InvalidArgumentException: The directory "/Applications/MAMP/htdocs/Symfony/app/cache/prod/jms_diextra/metadata" does not exist.) [] []
[2013-02-20 20:02:44] request.ERROR: Symfony\Component\HttpKernel\Exception\NotFoundHttpException: No route found for "GET /announce" (uncaught exception) at /Applications/MAMP/htdocs/Symfony/app/cache/prod/classes.php line 5121 [] []
[2013-02-20 20:02:54] request.ERROR: Exception thrown when handling an exception (InvalidArgumentException: The directory "/Applications/MAMP/htdocs/Symfony/app/cache/prod/jms_diextra/metadata" does not exist.) [] []
[2013-02-20 20:03:55] request.ERROR: Symfony\Component\HttpKernel\Exception\NotFoundHttpException: No route found for "GET /announce" (uncaught exception) at /Applications/MAMP/htdocs/Symfony/app/cache/prod/classes.php line 5121 [] []
[2013-02-20 20:03:55] request.ERROR: Exception thrown when handling an exception (InvalidArgumentException: The directory "/Applications/MAMP/htdocs/Symfony/app/cache/prod/jms_diextra/metadata" does not exist.) [] []
[2013-02-20 20:04:35] request.ERROR: Symfony\Component\HttpKernel\Exception\NotFoundHttpException: No route found for "GET /announce" (uncaught exception) at /Applications/MAMP/htdocs/Symfony/app/cache/prod/classes.php line 5121 [] []
[2013-02-20 20:04:35] request.ERROR: Exception thrown when handling an exception (InvalidArgumentException: The directory "/Applications/MAMP/htdocs/Symfony/app/cache/prod/jms_diextra/metadata" does not exist.) [] []
[2013-02-20 20:05:15] request.ERROR: Symfony\Component\HttpKernel\Exception\NotFoundHttpException: No route found for "GET /announce" (uncaught exception) at /Applications/MAMP/htdocs/Symfony/app/cache/prod/classes.php line 5121 [] []
[2013-02-20 20:05:15] request.ERROR: Exception thrown when handling an exception (InvalidArgumentException: The directory "/Applications/MAMP/htdocs/Symfony/app/cache/prod/jms_diextra/metadata" does not exist.) [] []
[2013-02-20 20:05:25] request.ERROR: Symfony\Component\HttpKernel\Exception\NotFoundHttpException: No route found for "GET /scrape" (uncaught exception) at /Applications/MAMP/htdocs/Symfony/app/cache/prod/classes.php line 5121 [] []
[2013-02-20 20:05:26] request.ERROR: Exception thrown when handling an exception (InvalidArgumentException: The directory "/Applications/MAMP/htdocs/Symfony/app/cache/prod/jms_diextra/metadata" does not exist.) [] []
[2013-02-20 20:05:30] request.ERROR: Symfony\Component\HttpKernel\Exception\NotFoundHttpException: No route found for "GET /scrape" (uncaught exception) at /Applications/MAMP/htdocs/Symfony/app/cache/prod/classes.php line 5121 [] []
[2013-02-20 20:05:30] request.ERROR: Exception thrown when handling an exception (InvalidArgumentException: The directory "/Applications/MAMP/htdocs/Symfony/app/cache/prod/jms_diextra/metadata" does not exist.) [] []
[2013-02-20 20:06:01] request.ERROR: Symfony\Component\HttpKernel\Exception\NotFoundHttpException: No route found for "GET /announce" (uncaught exception) at /Applications/MAMP/htdocs/Symfony/app/cache/prod/classes.php line 5121 [] []
[2013-02-20 20:06:01] request.ERROR: Exception thrown when handling an exception (InvalidArgumentException: The directory "/Applications/MAMP/htdocs/Symfony/app/cache/prod/jms_diextra/metadata" does not exist.) [] []
[2013-02-20 20:06:31] request.ERROR: Symfony\Component\HttpKernel\Exception\NotFoundHttpException: No route found for "GET /announce" (uncaught exception) at /Applications/MAMP/htdocs/Symfony/app/cache/prod/classes.php line 5121 [] []
[2013-02-20 20:06:31] request.ERROR: Exception thrown when handling an exception (InvalidArgumentException: The directory "/Applications/MAMP/htdocs/Symfony/app/cache/prod/jms_diextra/metadata" does not exist.) [] []
[2013-02-20 20:08:16] request.ERROR: Symfony\Component\HttpKernel\Exception\NotFoundHttpException: No route found for "GET /announce" (uncaught exception) at /Applications/MAMP/htdocs/Symfony/app/cache/prod/classes.php line 5121 [] []
[2013-02-20 20:08:16] request.ERROR: Exception thrown when handling an exception (InvalidArgumentException: The directory "/Applications/MAMP/htdocs/Symfony/app/cache/prod/jms_diextra/metadata" does not exist.) [] []
[2013-02-20 20:08:26] request.ERROR: Symfony\Component\HttpKernel\Exception\NotFoundHttpException: No route found for "GET /announce" (uncaught exception) at /Applications/MAMP/htdocs/Symfony/app/cache/prod/classes.php line 5121 [] []
[2013-02-20 20:08:26] request.ERROR: Exception thrown when handling an exception (InvalidArgumentException: The directory "/Applications/MAMP/htdocs/Symfony/app/cache/prod/jms_diextra/metadata" does not exist.) [] []
[2013-02-20 20:09:22] request.ERROR: Symfony\Component\HttpKernel\Exception\NotFoundHttpException: No route found for "GET /announce" (uncaught exception) at /Applications/MAMP/htdocs/Symfony/app/cache/prod/classes.php line 5121 [] []
[2013-02-20 20:09:22] request.ERROR: Exception thrown when handling an exception (InvalidArgumentException: The directory "/Applications/MAMP/htdocs/Symfony/app/cache/prod/jms_diextra/metadata" does not exist.) [] []
[2013-02-20 20:09:37] request.ERROR: Symfony\Component\HttpKernel\Exception\NotFoundHttpException: No route found for "GET /scrape" (uncaught exception) at /Applications/MAMP/htdocs/Symfony/app/cache/prod/classes.php line 5121 [] []
[2013-02-20 20:09:37] request.ERROR: Exception thrown when handling an exception (InvalidArgumentException: The directory "/Applications/MAMP/htdocs/Symfony/app/cache/prod/jms_diextra/metadata" does not exist.) [] []
[2013-02-20 20:11:52] request.ERROR: Symfony\Component\HttpKernel\Exception\NotFoundHttpException: No route found for "GET /announce" (uncaught exception) at /Applications/MAMP/htdocs/Symfony/app/cache/prod/classes.php line 5121 [] []
[2013-02-20 20:11:52] request.ERROR: Exception thrown when handling an exception (InvalidArgumentException: The directory "/Applications/MAMP/htdocs/Symfony/app/cache/prod/jms_diextra/metadata" does not exist.) [] []
[2013-02-20 20:12:52] request.ERROR: Symfony\Component\HttpKernel\Exception\NotFoundHttpException: No route found for "GET /scrape" (uncaught exception) at /Applications/MAMP/htdocs/Symfony/app/cache/prod/classes.php line 5121 [] []
[2013-02-20 20:12:52] request.ERROR: Exception thrown when handling an exception (InvalidArgumentException: The directory "/Applications/MAMP/htdocs/Symfony/app/cache/prod/jms_diextra/metadata" does not exist.) [] []
[2013-02-20 20:14:17] request.ERROR: Symfony\Component\HttpKernel\Exception\NotFoundHttpException: No route found for "GET /scrape" (uncaught exception) at /Applications/MAMP/htdocs/Symfony/app/cache/prod/classes.php line 5121 [] []
[2013-02-20 20:14:17] request.ERROR: Exception thrown when handling an exception (InvalidArgumentException: The directory "/Applications/MAMP/htdocs/Symfony/app/cache/prod/jms_diextra/metadata" does not exist.) [] []
[2013-02-20 20:14:42] request.ERROR: Symfony\Component\HttpKernel\Exception\NotFoundHttpException: No route found for "GET /scrape" (uncaught exception) at /Applications/MAMP/htdocs/Symfony/app/cache/prod/classes.php line 5121 [] []
[2013-02-20 20:14:42] request.ERROR: Exception thrown when handling an exception (InvalidArgumentException: The directory "/Applications/MAMP/htdocs/Symfony/app/cache/prod/jms_diextra/metadata" does not exist.) [] []
[2013-02-20 20:15:57] request.ERROR: Symfony\Component\HttpKernel\Exception\NotFoundHttpException: No route found for "GET /announce" (uncaught exception) at /Applications/MAMP/htdocs/Symfony/app/cache/prod/classes.php line 5121 [] []
[2013-02-20 20:15:58] request.ERROR: Exception thrown when handling an exception (InvalidArgumentException: The directory "/Applications/MAMP/htdocs/Symfony/app/cache/prod/jms_diextra/metadata" does not exist.) [] []
[2013-02-20 20:19:13] request.ERROR: Symfony\Component\HttpKernel\Exception\NotFoundHttpException: No route found for "GET /scrape" (uncaught exception) at /Applications/MAMP/htdocs/Symfony/app/cache/prod/classes.php line 5121 [] []
[2013-02-20 20:19:13] request.ERROR: Exception thrown when handling an exception (InvalidArgumentException: The directory "/Applications/MAMP/htdocs/Symfony/app/cache/prod/jms_diextra/metadata" does not exist.) [] []
[2013-02-20 20:20:23] request.ERROR: Symfony\Component\HttpKernel\Exception\NotFoundHttpException: No route found for "GET /announce" (uncaught exception) at /Applications/MAMP/htdocs/Symfony/app/cache/prod/classes.php line 5121 [] []
[2013-02-20 20:20:23] request.ERROR: Exception thrown when handling an exception (InvalidArgumentException: The directory "/Applications/MAMP/htdocs/Symfony/app/cache/prod/jms_diextra/metadata" does not exist.) [] []
[2013-02-20 20:23:24] request.ERROR: Symfony\Component\HttpKernel\Exception\NotFoundHttpException: No route found for "GET /scrape" (uncaught exception) at /Applications/MAMP/htdocs/Symfony/app/cache/prod/classes.php line 5121 [] []
[2013-02-20 20:23:24] request.ERROR: Exception thrown when handling an exception (InvalidArgumentException: The directory "/Applications/MAMP/htdocs/Symfony/app/cache/prod/jms_diextra/metadata" does not exist.) [] []
[2013-02-20 20:24:09] request.ERROR: Symfony\Component\HttpKernel\Exception\NotFoundHttpException: No route found for "GET /announce" (uncaught exception) at /Applications/MAMP/htdocs/Symfony/app/cache/prod/classes.php line 5121 [] []
[2013-02-20 20:24:09] request.ERROR: Exception thrown when handling an exception (InvalidArgumentException: The directory "/Applications/MAMP/htdocs/Symfony/app/cache/prod/jms_diextra/metadata" does not exist.) [] []
[2013-02-20 20:25:06] request.ERROR: Symfony\Component\HttpKernel\Exception\NotFoundHttpException: No route found for "GET /scrape" (uncaught exception) at /Applications/MAMP/htdocs/Symfony/app/cache/prod/classes.php line 5121 [] []
[2013-02-20 20:25:06] request.ERROR: Exception thrown when handling an exception (InvalidArgumentException: The directory "/Applications/MAMP/htdocs/Symfony/app/cache/prod/jms_diextra/metadata" does not exist.) [] []
[2013-02-20 20:25:09] request.ERROR: Symfony\Component\HttpKernel\Exception\NotFoundHttpException: No route found for "GET /scrape" (uncaught exception) at /Applications/MAMP/htdocs/Symfony/app/cache/prod/classes.php line 5121 [] []
[2013-02-20 20:25:09] request.ERROR: Exception thrown when handling an exception (InvalidArgumentException: The directory "/Applications/MAMP/htdocs/Symfony/app/cache/prod/jms_diextra/metadata" does not exist.) [] []
[2013-02-20 20:25:34] request.ERROR: Symfony\Component\HttpKernel\Exception\NotFoundHttpException: No route found for "GET /announce" (uncaught exception) at /Applications/MAMP/htdocs/Symfony/app/cache/prod/classes.php line 5121 [] []
[2013-02-20 20:25:34] request.ERROR: Exception thrown when handling an exception (InvalidArgumentException: The directory "/Applications/MAMP/htdocs/Symfony/app/cache/prod/jms_diextra/metadata" does not exist.) [] []
[2013-02-20 20:27:55] request.ERROR: Symfony\Component\HttpKernel\Exception\NotFoundHttpException: No route found for "GET /announce" (uncaught exception) at /Applications/MAMP/htdocs/Symfony/app/cache/prod/classes.php line 5121 [] []
[2013-02-20 20:27:55] request.ERROR: Exception thrown when handling an exception (InvalidArgumentException: The directory "/Applications/MAMP/htdocs/Symfony/app/cache/prod/jms_diextra/metadata" does not exist.) [] []
[2013-02-20 20:33:06] request.ERROR: Symfony\Component\HttpKernel\Exception\NotFoundHttpException: No route found for "GET /announce" (uncaught exception) at /Applications/MAMP/htdocs/Symfony/app/cache/prod/classes.php line 5121 [] []
[2013-02-20 20:33:06] request.ERROR: Exception thrown when handling an exception (InvalidArgumentException: The directory "/Applications/MAMP/htdocs/Symfony/app/cache/prod/jms_diextra/metadata" does not exist.) [] []
[2013-02-20 20:35:41] request.ERROR: Symfony\Component\HttpKernel\Exception\NotFoundHttpException: No route found for "GET /scrape" (uncaught exception) at /Applications/MAMP/htdocs/Symfony/app/cache/prod/classes.php line 5121 [] []
[2013-02-20 20:35:41] request.ERROR: Exception thrown when handling an exception (InvalidArgumentException: The directory "/Applications/MAMP/htdocs/Symfony/app/cache/prod/jms_diextra/metadata" does not exist.) [] []
[2013-02-20 20:38:57] request.ERROR: Symfony\Component\HttpKernel\Exception\NotFoundHttpException: No route found for "GET /announce" (uncaught exception) at /Applications/MAMP/htdocs/Symfony/app/cache/prod/classes.php line 5121 [] []
[2013-02-20 20:38:57] request.ERROR: Exception thrown when handling an exception (InvalidArgumentException: The directory "/Applications/MAMP/htdocs/Symfony/app/cache/prod/jms_diextra/metadata" does not exist.) [] []
[2013-02-20 20:56:11] request.ERROR: Symfony\Component\HttpKernel\Exception\NotFoundHttpException: No route found for "GET /scrape" (uncaught exception) at /Applications/MAMP/htdocs/Symfony/app/cache/prod/classes.php line 5121 [] []
[2013-02-20 20:56:12] request.ERROR: Exception thrown when handling an exception (InvalidArgumentException: The directory "/Applications/MAMP/htdocs/Symfony/app/cache/prod/jms_diextra/metadata" does not exist.) [] []
[2013-02-20 21:05:26] request.ERROR: Symfony\Component\HttpKernel\Exception\NotFoundHttpException: No route found for "GET /scrape" (uncaught exception) at /Applications/MAMP/htdocs/Symfony/app/cache/prod/classes.php line 5121 [] []
[2013-02-20 21:05:26] request.ERROR: Exception thrown when handling an exception (InvalidArgumentException: The directory "/Applications/MAMP/htdocs/Symfony/app/cache/prod/jms_diextra/metadata" does not exist.) [] []
[2013-02-20 21:06:12] request.ERROR: Symfony\Component\HttpKernel\Exception\NotFoundHttpException: No route found for "GET /scrape" (uncaught exception) at /Applications/MAMP/htdocs/Symfony/app/cache/prod/classes.php line 5121 [] []
[2013-02-20 21:06:12] request.ERROR: Exception thrown when handling an exception (InvalidArgumentException: The directory "/Applications/MAMP/htdocs/Symfony/app/cache/prod/jms_diextra/metadata" does not exist.) [] []
[2013-02-20 21:09:37] request.ERROR: Symfony\Component\HttpKernel\Exception\NotFoundHttpException: No route found for "GET /scrape" (uncaught exception) at /Applications/MAMP/htdocs/Symfony/app/cache/prod/classes.php line 5121 [] []
[2013-02-20 21:09:37] request.ERROR: Exception thrown when handling an exception (InvalidArgumentException: The directory "/Applications/MAMP/htdocs/Symfony/app/cache/prod/jms_diextra/metadata" does not exist.) [] []
[2013-02-20 21:13:08] request.ERROR: Symfony\Component\HttpKernel\Exception\NotFoundHttpException: No route found for "GET /announce" (uncaught exception) at /Applications/MAMP/htdocs/Symfony/app/cache/prod/classes.php line 5121 [] []
[2013-02-20 21:13:08] request.ERROR: Exception thrown when handling an exception (InvalidArgumentException: The directory "/Applications/MAMP/htdocs/Symfony/app/cache/prod/jms_diextra/metadata" does not exist.) [] []
>>>>>>> petits changements
